2025-12-12 16:14:53 | INFO     | CRIARTEMPLATE | _setup_root_logger:141 | ================================================================================
2025-12-12 16:14:53 | INFO     | CRIARTEMPLATE | _setup_root_logger:142 | Sistema de Logging Iniciado - Arquivo: C:\Users\Usuario\Documents\Scripts\EM DESENVOLVIMENTO RankingLojas\logs\CRIARTEMPLATE_20251212_161453.log
2025-12-12 16:14:53 | INFO     | CRIARTEMPLATE | _setup_root_logger:143 | Modo: DESENVOLVIMENTO
2025-12-12 16:14:53 | INFO     | CRIARTEMPLATE | _setup_root_logger:146 | Diretório de logs: C:\Users\Usuario\Documents\Scripts\EM DESENVOLVIMENTO RankingLojas\logs
2025-12-12 16:14:53 | INFO     | CRIARTEMPLATE | _setup_root_logger:147 | ================================================================================
2025-12-12 16:14:53 | INFO     | CRIARTEMPLATE | main:172 | ================================================================================
2025-12-12 16:14:53 | INFO     | CRIARTEMPLATE | main:173 | INICIANDO CRIARTEMPLATE
2025-12-12 16:14:53 | INFO     | CRIARTEMPLATE | main:174 | Modo: DESENVOLVIMENTO
2025-12-12 16:14:53 | INFO     | CRIARTEMPLATE | main:177 | ================================================================================
2025-12-12 16:14:53 | INFO     | CRIARTEMPLATE | main:182 | Configurações carregadas. Diretório base: C:\Users\Usuario\Documents\Scripts\EM DESENVOLVIMENTO RankingLojas
2025-12-12 16:14:53 | INFO     | CRIARTEMPLATE | main:188 | Executando ranking diário...
2025-12-12 16:14:53 | INFO     | CRIARTEMPLATE | _run_ranking_diario:62 | Baixando planilha 'Meta por empresa geral' para o ranking diário...
2025-12-12 16:16:48 | INFO     | CRIARTEMPLATE | _run_ranking_diario:77 | Gerando ranking diário a partir de C:\Users\Usuario\Documents\Scripts\EM DESENVOLVIMENTO RankingLojas\data\meta_empresa_20251212.xlsx ...
2025-12-12 16:22:00 | ERROR    | CRIARTEMPLATE | _run_ranking_diario:87 | ❌ ERRO ao gerar ranking diário: HTTPConnectionPool(host='localhost', port=52318): Read timed out. (read timeout=120)
Traceback (most recent call last):
  File "C:\Users\Usuario\AppData\Local\Programs\Python\Python312\Lib\site-packages\urllib3\connectionpool.py", line 534, in _make_request
    response = conn.getresponse()
               ^^^^^^^^^^^^^^^^^^
  File "C:\Users\Usuario\AppData\Local\Programs\Python\Python312\Lib\site-packages\urllib3\connection.py", line 571, in getresponse
    httplib_response = super().getresponse()
                       ^^^^^^^^^^^^^^^^^^^^^
  File "C:\Users\Usuario\AppData\Local\Programs\Python\Python312\Lib\http\client.py", line 1430, in getresponse
    response.begin()
  File "C:\Users\Usuario\AppData\Local\Programs\Python\Python312\Lib\http\client.py", line 331, in begin
    version, status, reason = self._read_status()
                              ^^^^^^^^^^^^^^^^^^^
  File "C:\Users\Usuario\AppData\Local\Programs\Python\Python312\Lib\http\client.py", line 292, in _read_status
    line = str(self.fp.readline(_MAXLINE + 1), "iso-8859-1")
               ^^^^^^^^^^^^^^^^^^^^^^^^^^^^^^
  File "C:\Users\Usuario\AppData\Local\Programs\Python\Python312\Lib\socket.py", line 720, in readinto
    return self._sock.recv_into(b)
           ^^^^^^^^^^^^^^^^^^^^^^^
TimeoutError: timed out

The above exception was the direct cause of the following exception:

Traceback (most recent call last):
  File "C:\Users\Usuario\Documents\Scripts\EM DESENVOLVIMENTO RankingLojas\main.py", line 79, in _run_ranking_diario
    destino = gerar_ranking_diario(meta_path, data_dir)
              ^^^^^^^^^^^^^^^^^^^^^^^^^^^^^^^^^^^^^^^^^
  File "C:\Users\Usuario\Documents\Scripts\EM DESENVOLVIMENTO RankingLojas\src\daily_ranking.py", line 525, in gerar_ranking_diario
    nome_arquivo = cfg.image_name
           ^^^^^^^^^^^^^^^^^^^^^^
  File "C:\Users\Usuario\Documents\Scripts\EM DESENVOLVIMENTO RankingLojas\src\daily_ranking.py", line 465, in _renderizar_ranking
    logger.info("Template carregado, renderizando HTML...")
                   ^^^^^^^^^^^^^^^^^^^^^^^^^^^^^^^^^^^^^^^^^
  File "C:\Users\Usuario\Documents\Scripts\EM DESENVOLVIMENTO RankingLojas\src\html_renderer.py", line 148, in html_to_png
    result = _html_to_png_selenium(html_content, destino, viewport, device_scale, wait_ms)
             ^^^^^^^^^^^^^^^^^^^^^^^^^^^^^^^^^^^^^^^^^^^^^^^^^^^^^^^^^^^^^^^^^^^^^^^^^^^^^
  File "C:\Users\Usuario\Documents\Scripts\EM DESENVOLVIMENTO RankingLojas\src\html_renderer.py", line 244, in _html_to_png_selenium
    driver.get(file_url)
  File "C:\Users\Usuario\AppData\Local\Programs\Python\Python312\Lib\site-packages\selenium\webdriver\remote\webdriver.py", line 452, in get
    self.execute(Command.GET, {"url": url})
  File "C:\Users\Usuario\AppData\Local\Programs\Python\Python312\Lib\site-packages\selenium\webdriver\remote\webdriver.py", line 429, in execute
    response = cast(RemoteConnection, self.command_executor).execute(driver_command, params)
               ^^^^^^^^^^^^^^^^^^^^^^^^^^^^^^^^^^^^^^^^^^^^^^^^^^^^^^^^^^^^^^^^^^^^^^^^^^^^^
  File "C:\Users\Usuario\AppData\Local\Programs\Python\Python312\Lib\site-packages\selenium\webdriver\remote\remote_connection.py", line 405, in execute
    return self._request(command_info[0], url, body=data)
           ^^^^^^^^^^^^^^^^^^^^^^^^^^^^^^^^^^^^^^^^^^^^^^
  File "C:\Users\Usuario\AppData\Local\Programs\Python\Python312\Lib\site-packages\selenium\webdriver\remote\remote_connection.py", line 429, in _request
    response = self._conn.request(method, url, body=body, headers=headers, timeout=self._client_config.timeout)
               ^^^^^^^^^^^^^^^^^^^^^^^^^^^^^^^^^^^^^^^^^^^^^^^^^^^^^^^^^^^^^^^^^^^^^^^^^^^^^^^^^^^^^^^^^^^^^^^^
  File "C:\Users\Usuario\AppData\Local\Programs\Python\Python312\Lib\site-packages\urllib3\_request_methods.py", line 143, in request
    return self.request_encode_body(
           ^^^^^^^^^^^^^^^^^^^^^^^^^
  File "C:\Users\Usuario\AppData\Local\Programs\Python\Python312\Lib\site-packages\urllib3\_request_methods.py", line 278, in request_encode_body
    return self.urlopen(method, url, **extra_kw)
           ^^^^^^^^^^^^^^^^^^^^^^^^^^^^^^^^^^^^^
  File "C:\Users\Usuario\AppData\Local\Programs\Python\Python312\Lib\site-packages\urllib3\poolmanager.py", line 457, in urlopen
    response = conn.urlopen(method, u.request_uri, **kw)
               ^^^^^^^^^^^^^^^^^^^^^^^^^^^^^^^^^^^^^^^^^
  File "C:\Users\Usuario\AppData\Local\Programs\Python\Python312\Lib\site-packages\urllib3\connectionpool.py", line 841, in urlopen
    retries = retries.increment(
              ^^^^^^^^^^^^^^^^^^
  File "C:\Users\Usuario\AppData\Local\Programs\Python\Python312\Lib\site-packages\urllib3\util\retry.py", line 474, in increment
    raise reraise(type(error), error, _stacktrace)
          ^^^^^^^^^^^^^^^^^^^^^^^^^^^^^^^^^^^^^^^^
  File "C:\Users\Usuario\AppData\Local\Programs\Python\Python312\Lib\site-packages\urllib3\util\util.py", line 39, in reraise
    raise value
  File "C:\Users\Usuario\AppData\Local\Programs\Python\Python312\Lib\site-packages\urllib3\connectionpool.py", line 787, in urlopen
    response = self._make_request(
               ^^^^^^^^^^^^^^^^^^^
  File "C:\Users\Usuario\AppData\Local\Programs\Python\Python312\Lib\site-packages\urllib3\connectionpool.py", line 536, in _make_request
    self._raise_timeout(err=e, url=url, timeout_value=read_timeout)
  File "C:\Users\Usuario\AppData\Local\Programs\Python\Python312\Lib\site-packages\urllib3\connectionpool.py", line 367, in _raise_timeout
    raise ReadTimeoutError(
urllib3.exceptions.ReadTimeoutError: HTTPConnectionPool(host='localhost', port=52318): Read timed out. (read timeout=120)
2025-12-12 16:22:00 | ERROR    | CRIARTEMPLATE | main:203 | ================================================================================
2025-12-12 16:22:00 | ERROR    | CRIARTEMPLATE | main:204 | ERRO FATAL NÃO TRATADO
2025-12-12 16:22:00 | ERROR    | CRIARTEMPLATE | main:205 | ================================================================================
2025-12-12 16:22:00 | ERROR    | CRIARTEMPLATE | main:206 | Tipo: ReadTimeoutError
2025-12-12 16:22:00 | ERROR    | CRIARTEMPLATE | main:207 | Mensagem: HTTPConnectionPool(host='localhost', port=52318): Read timed out. (read timeout=120)
2025-12-12 16:22:00 | ERROR    | CRIARTEMPLATE | main:208 | Traceback completo:
2025-12-12 16:22:00 | ERROR    | CRIARTEMPLATE | main:209 | Traceback (most recent call last):
  File "C:\Users\Usuario\AppData\Local\Programs\Python\Python312\Lib\site-packages\urllib3\connectionpool.py", line 534, in _make_request
    response = conn.getresponse()
               ^^^^^^^^^^^^^^^^^^
  File "C:\Users\Usuario\AppData\Local\Programs\Python\Python312\Lib\site-packages\urllib3\connection.py", line 571, in getresponse
    httplib_response = super().getresponse()
                       ^^^^^^^^^^^^^^^^^^^^^
  File "C:\Users\Usuario\AppData\Local\Programs\Python\Python312\Lib\http\client.py", line 1430, in getresponse
    response.begin()
  File "C:\Users\Usuario\AppData\Local\Programs\Python\Python312\Lib\http\client.py", line 331, in begin
    version, status, reason = self._read_status()
                              ^^^^^^^^^^^^^^^^^^^
  File "C:\Users\Usuario\AppData\Local\Programs\Python\Python312\Lib\http\client.py", line 292, in _read_status
    line = str(self.fp.readline(_MAXLINE + 1), "iso-8859-1")
               ^^^^^^^^^^^^^^^^^^^^^^^^^^^^^^
  File "C:\Users\Usuario\AppData\Local\Programs\Python\Python312\Lib\socket.py", line 720, in readinto
    return self._sock.recv_into(b)
           ^^^^^^^^^^^^^^^^^^^^^^^
TimeoutError: timed out

The above exception was the direct cause of the following exception:

Traceback (most recent call last):
  File "C:\Users\Usuario\Documents\Scripts\EM DESENVOLVIMENTO RankingLojas\main.py", line 189, in main
    _run_ranking_diario(args.meta_arquivo, paths_cfg, args.force)
  File "C:\Users\Usuario\Documents\Scripts\EM DESENVOLVIMENTO RankingLojas\main.py", line 79, in _run_ranking_diario
    destino = gerar_ranking_diario(meta_path, data_dir)
              ^^^^^^^^^^^^^^^^^^^^^^^^^^^^^^^^^^^^^^^^^
  File "C:\Users\Usuario\Documents\Scripts\EM DESENVOLVIMENTO RankingLojas\src\daily_ranking.py", line 525, in gerar_ranking_diario
    nome_arquivo = cfg.image_name
           ^^^^^^^^^^^^^^^^^^^^^^
  File "C:\Users\Usuario\Documents\Scripts\EM DESENVOLVIMENTO RankingLojas\src\daily_ranking.py", line 465, in _renderizar_ranking
    logger.info("Template carregado, renderizando HTML...")
                   ^^^^^^^^^^^^^^^^^^^^^^^^^^^^^^^^^^^^^^^^^
  File "C:\Users\Usuario\Documents\Scripts\EM DESENVOLVIMENTO RankingLojas\src\html_renderer.py", line 148, in html_to_png
    result = _html_to_png_selenium(html_content, destino, viewport, device_scale, wait_ms)
             ^^^^^^^^^^^^^^^^^^^^^^^^^^^^^^^^^^^^^^^^^^^^^^^^^^^^^^^^^^^^^^^^^^^^^^^^^^^^^
  File "C:\Users\Usuario\Documents\Scripts\EM DESENVOLVIMENTO RankingLojas\src\html_renderer.py", line 244, in _html_to_png_selenium
    driver.get(file_url)
  File "C:\Users\Usuario\AppData\Local\Programs\Python\Python312\Lib\site-packages\selenium\webdriver\remote\webdriver.py", line 452, in get
    self.execute(Command.GET, {"url": url})
  File "C:\Users\Usuario\AppData\Local\Programs\Python\Python312\Lib\site-packages\selenium\webdriver\remote\webdriver.py", line 429, in execute
    response = cast(RemoteConnection, self.command_executor).execute(driver_command, params)
               ^^^^^^^^^^^^^^^^^^^^^^^^^^^^^^^^^^^^^^^^^^^^^^^^^^^^^^^^^^^^^^^^^^^^^^^^^^^^^
  File "C:\Users\Usuario\AppData\Local\Programs\Python\Python312\Lib\site-packages\selenium\webdriver\remote\remote_connection.py", line 405, in execute
    return self._request(command_info[0], url, body=data)
           ^^^^^^^^^^^^^^^^^^^^^^^^^^^^^^^^^^^^^^^^^^^^^^
  File "C:\Users\Usuario\AppData\Local\Programs\Python\Python312\Lib\site-packages\selenium\webdriver\remote\remote_connection.py", line 429, in _request
    response = self._conn.request(method, url, body=body, headers=headers, timeout=self._client_config.timeout)
               ^^^^^^^^^^^^^^^^^^^^^^^^^^^^^^^^^^^^^^^^^^^^^^^^^^^^^^^^^^^^^^^^^^^^^^^^^^^^^^^^^^^^^^^^^^^^^^^^
  File "C:\Users\Usuario\AppData\Local\Programs\Python\Python312\Lib\site-packages\urllib3\_request_methods.py", line 143, in request
    return self.request_encode_body(
           ^^^^^^^^^^^^^^^^^^^^^^^^^
  File "C:\Users\Usuario\AppData\Local\Programs\Python\Python312\Lib\site-packages\urllib3\_request_methods.py", line 278, in request_encode_body
    return self.urlopen(method, url, **extra_kw)
           ^^^^^^^^^^^^^^^^^^^^^^^^^^^^^^^^^^^^^
  File "C:\Users\Usuario\AppData\Local\Programs\Python\Python312\Lib\site-packages\urllib3\poolmanager.py", line 457, in urlopen
    response = conn.urlopen(method, u.request_uri, **kw)
               ^^^^^^^^^^^^^^^^^^^^^^^^^^^^^^^^^^^^^^^^^
  File "C:\Users\Usuario\AppData\Local\Programs\Python\Python312\Lib\site-packages\urllib3\connectionpool.py", line 841, in urlopen
    retries = retries.increment(
              ^^^^^^^^^^^^^^^^^^
  File "C:\Users\Usuario\AppData\Local\Programs\Python\Python312\Lib\site-packages\urllib3\util\retry.py", line 474, in increment
    raise reraise(type(error), error, _stacktrace)
          ^^^^^^^^^^^^^^^^^^^^^^^^^^^^^^^^^^^^^^^^
  File "C:\Users\Usuario\AppData\Local\Programs\Python\Python312\Lib\site-packages\urllib3\util\util.py", line 39, in reraise
    raise value
  File "C:\Users\Usuario\AppData\Local\Programs\Python\Python312\Lib\site-packages\urllib3\connectionpool.py", line 787, in urlopen
    response = self._make_request(
               ^^^^^^^^^^^^^^^^^^^
  File "C:\Users\Usuario\AppData\Local\Programs\Python\Python312\Lib\site-packages\urllib3\connectionpool.py", line 536, in _make_request
    self._raise_timeout(err=e, url=url, timeout_value=read_timeout)
  File "C:\Users\Usuario\AppData\Local\Programs\Python\Python312\Lib\site-packages\urllib3\connectionpool.py", line 367, in _raise_timeout
    raise ReadTimeoutError(
urllib3.exceptions.ReadTimeoutError: HTTPConnectionPool(host='localhost', port=52318): Read timed out. (read timeout=120)

2025-12-12 16:22:00 | ERROR    | CRIARTEMPLATE | main:210 | ================================================================================
